[2018-02-15 12:19:49.907] [jointLog] [info] parsing read library format
[2018-02-15 12:19:49.907] [jointLog] [info] There is 1 library.
[2018-02-15 12:19:49.982] [jointLog] [info] Loading Quasi index
[2018-02-15 12:19:49.983] [jointLog] [info] Loading 32-bit quasi index
[2018-02-15 12:19:53.014] [jointLog] [info] done
[2018-02-15 12:19:53.014] [jointLog] [info] Index contained 36776 targets
[2018-02-15 12:22:08.224] [jointLog] [info] Computed 34760 rich equivalence classes for further processing
[2018-02-15 12:22:08.224] [jointLog] [info] Counted 21632733 total reads in the equivalence classes 
[2018-02-15 12:22:08.233] [jointLog] [info] Mapping rate = 83.0715%

[2018-02-15 12:22:08.233] [jointLog] [info] finished quantifyLibrary()
[2018-02-15 12:22:08.236] [jointLog] [info] Starting optimizer
[2018-02-15 12:22:08.264] [jointLog] [info] Marked 0 weighted equivalence classes as degenerate
[2018-02-15 12:22:08.265] [jointLog] [info] iteration = 0 | max rel diff. = 266.709
[2018-02-15 12:22:08.224] [fileLog] [info] 
At end of round 0
==================
Observed 26041090 total fragments (26041090 in most recent round)

[2018-02-15 12:22:08.378] [jointLog] [info] iteration = 100 | max rel diff. = 0.0919075
[2018-02-15 12:22:08.478] [jointLog] [info] iteration = 200 | max rel diff. = 0.0485432
[2018-02-15 12:22:08.584] [jointLog] [info] iteration = 300 | max rel diff. = 0.0313253
[2018-02-15 12:22:08.691] [jointLog] [info] iteration = 400 | max rel diff. = 0.0238585
[2018-02-15 12:22:08.798] [jointLog] [info] iteration = 500 | max rel diff. = 0.0189704
[2018-02-15 12:22:08.901] [jointLog] [info] iteration = 600 | max rel diff. = 0.0169185
[2018-02-15 12:22:09.003] [jointLog] [info] iteration = 700 | max rel diff. = 0.0114813
[2018-02-15 12:22:09.106] [jointLog] [info] iteration = 800 | max rel diff. = 0.0114838
[2018-02-15 12:22:09.166] [jointLog] [info] iteration = 853 | max rel diff. = 0.00835077
[2018-02-15 12:22:09.169] [jointLog] [info] Finished optimizer
[2018-02-15 12:22:09.169] [jointLog] [info] writing output 

[2018-02-15 12:22:09.269] [jointLog] [warning] NOTE: Read Lib [( /ngsprojects/seminavis/data_archive/cDNA/conditioningGust/2479_2/2c9b_R1.fastq.gz, /ngsprojects/seminavis/data_archive/cDNA/conditioningGust/2479_2/2c9b_R2.fastq.gz )] :

Greater than 5% of the fragments disagreed with the provided library type; check the file: /scratch/seminavis/largeScaleGeneExpression/conditioningGust/mappedReadsSalmon/2c9b/lib_format_counts.json for details

[2018-02-15 22:17:12.179] [jointLog] [info] parsing read library format
[2018-02-15 22:17:12.179] [jointLog] [info] There is 1 library.
[2018-02-15 22:17:12.259] [jointLog] [info] Loading Quasi index
[2018-02-15 22:17:12.260] [jointLog] [info] Loading 32-bit quasi index
[2018-02-15 22:17:16.367] [jointLog] [info] done
[2018-02-15 22:17:16.367] [jointLog] [info] Index contained 36776 targets
[2018-02-15 22:20:08.653] [jointLog] [info] Computed 34760 rich equivalence classes for further processing
[2018-02-15 22:20:08.653] [jointLog] [info] Counted 21632733 total reads in the equivalence classes 
[2018-02-15 22:20:08.675] [jointLog] [info] Mapping rate = 83.0715%

[2018-02-15 22:20:08.675] [jointLog] [info] finished quantifyLibrary()
[2018-02-15 22:20:08.692] [jointLog] [info] Starting optimizer
[2018-02-15 22:20:08.732] [jointLog] [info] Marked 0 weighted equivalence classes as degenerate
[2018-02-15 22:20:08.733] [jointLog] [info] iteration = 0 | max rel diff. = 266.711
[2018-02-15 22:20:08.763] [jointLog] [info] iteration 11, adjusting effective lengths to account for biases
[2018-02-15 22:20:08.653] [fileLog] [info] 
At end of round 0
==================
Observed 26041090 total fragments (26041090 in most recent round)

[2018-02-15 22:21:44.537] [jointLog] [info] Computed expected counts (for bias correction)
[2018-02-15 22:21:44.537] [jointLog] [info] processed bias for 0.0% of the transcripts
[2018-02-15 22:21:48.826] [jointLog] [info] processed bias for 10.0% of the transcripts
[2018-02-15 22:21:53.309] [jointLog] [info] processed bias for 20.0% of the transcripts
[2018-02-15 22:21:57.723] [jointLog] [info] processed bias for 30.0% of the transcripts
[2018-02-15 22:22:02.364] [jointLog] [info] processed bias for 40.0% of the transcripts
[2018-02-15 22:22:06.863] [jointLog] [info] processed bias for 50.0% of the transcripts
[2018-02-15 22:22:11.217] [jointLog] [info] processed bias for 60.0% of the transcripts
[2018-02-15 22:22:15.612] [jointLog] [info] processed bias for 70.0% of the transcripts
[2018-02-15 22:22:20.110] [jointLog] [info] processed bias for 80.0% of the transcripts
[2018-02-15 22:22:23.336] [jointLog] [info] processed bias for 100.0% of the transcripts
[2018-02-15 22:22:23.407] [jointLog] [info] iteration = 100 | max rel diff. = 0.186732
[2018-02-15 22:22:23.478] [jointLog] [info] iteration = 200 | max rel diff. = 0.0463065
[2018-02-15 22:22:23.548] [jointLog] [info] iteration = 300 | max rel diff. = 0.0314153
[2018-02-15 22:22:23.618] [jointLog] [info] iteration = 400 | max rel diff. = 0.0245815
[2018-02-15 22:22:23.688] [jointLog] [info] iteration = 500 | max rel diff. = 0.0189502
[2018-02-15 22:22:23.759] [jointLog] [info] iteration = 600 | max rel diff. = 0.0163698
[2018-02-15 22:22:23.830] [jointLog] [info] iteration = 700 | max rel diff. = 0.0111612
[2018-02-15 22:22:23.900] [jointLog] [info] iteration = 800 | max rel diff. = 0.0111591
[2018-02-15 22:22:23.970] [jointLog] [info] iteration = 900 | max rel diff. = 0.0111584
[2018-02-15 22:22:24.031] [jointLog] [info] iteration = 987 | max rel diff. = 0.00943993
[2018-02-15 22:22:24.034] [jointLog] [info] Finished optimizer
[2018-02-15 22:22:24.034] [jointLog] [info] writing output 

[2018-02-15 22:22:24.145] [jointLog] [warning] NOTE: Read Lib [( /ngsprojects/seminavis/data_archive/cDNA/conditioningGust/2479_2/2c9b_R1.fastq.gz, /ngsprojects/seminavis/data_archive/cDNA/conditioningGust/2479_2/2c9b_R2.fastq.gz )] :

Greater than 5% of the fragments disagreed with the provided library type; check the file: /scratch/seminavis/largeScaleGeneExpression/conditioningGust/mappedReadsSalmon/2c9b/lib_format_counts.json for details

