[2018-02-09 11:19:24.466] [jointLog] [info] parsing read library format
[2018-02-09 11:19:24.466] [jointLog] [info] There is 1 library.
[2018-02-09 11:21:39.450] [jointLog] [info] parsing read library format
[2018-02-09 11:21:39.450] [jointLog] [info] There is 1 library.
[2018-02-09 11:26:08.353] [jointLog] [info] parsing read library format
[2018-02-09 11:26:08.353] [jointLog] [info] There is 1 library.
[2018-02-09 11:30:46.894] [jointLog] [info] parsing read library format
[2018-02-09 11:30:46.894] [jointLog] [info] There is 1 library.
[2018-02-09 11:37:26.091] [jointLog] [info] parsing read library format
[2018-02-09 11:37:26.092] [jointLog] [info] There is 1 library.
[2018-02-09 11:38:21.448] [jointLog] [info] parsing read library format
[2018-02-09 11:38:21.448] [jointLog] [info] There is 1 library.
[2018-02-09 11:38:49.325] [jointLog] [info] parsing read library format
[2018-02-09 11:38:49.325] [jointLog] [info] There is 1 library.
[2018-02-09 11:53:41.217] [jointLog] [info] parsing read library format
[2018-02-09 11:53:41.217] [jointLog] [info] There is 1 library.
[2018-02-14 15:33:19.651] [jointLog] [info] parsing read library format
[2018-02-14 15:33:19.651] [jointLog] [info] There is 1 library.
[2018-02-14 15:32:45.780] [jointLog] [info] parsing read library format
[2018-02-14 15:32:45.781] [jointLog] [info] There is 1 library.
[2018-02-14 15:32:45.827] [jointLog] [info] Loading Quasi index
[2018-02-14 15:32:45.827] [jointLog] [info] Loading 32-bit quasi index
[2018-02-14 15:32:48.590] [jointLog] [info] done
[2018-02-14 15:32:48.590] [jointLog] [info] Index contained 36776 targets
[2018-02-14 15:34:15.381] [fileLog] [info] 
At end of round 0
==================
Observed 25941647 total fragments (25941647 in most recent round)

[2018-02-14 15:34:15.381] [jointLog] [info] Computed 34570 rich equivalence classes for further processing
[2018-02-14 15:34:15.381] [jointLog] [info] Counted 20333539 total reads in the equivalence classes 
[2018-02-14 15:34:15.388] [jointLog] [info] Mapping rate = 78.3818%

[2018-02-14 15:34:15.388] [jointLog] [info] finished quantifyLibrary()
[2018-02-14 15:34:15.392] [jointLog] [info] Starting optimizer
[2018-02-14 15:34:15.419] [jointLog] [info] Marked 0 weighted equivalence classes as degenerate
[2018-02-14 15:34:15.420] [jointLog] [info] iteration = 0 | max rel diff. = 313.231
[2018-02-14 15:34:15.488] [jointLog] [info] iteration = 100 | max rel diff. = 0.095113
[2018-02-14 15:34:15.550] [jointLog] [info] iteration = 200 | max rel diff. = 0.0385789
[2018-02-14 15:34:15.616] [jointLog] [info] iteration = 300 | max rel diff. = 0.0313577
[2018-02-14 15:34:15.678] [jointLog] [info] iteration = 400 | max rel diff. = 0.0229039
[2018-02-14 15:34:15.743] [jointLog] [info] iteration = 500 | max rel diff. = 0.0206718
[2018-02-14 15:34:15.803] [jointLog] [info] iteration = 600 | max rel diff. = 0.0136628
[2018-02-14 15:34:15.867] [jointLog] [info] iteration = 700 | max rel diff. = 0.0148792
[2018-02-14 15:34:15.869] [jointLog] [info] iteration = 704 | max rel diff. = 0.00995235
[2018-02-14 15:34:15.873] [jointLog] [info] Finished optimizer
[2018-02-14 15:34:15.873] [jointLog] [info] writing output 

[2018-02-14 15:34:15.965] [jointLog] [warning] NOTE: Read Lib [( /ngsprojects/seminavis/data_archive/cDNA/conditioningGust/2479_1/3t9a_R1.fastq.gz, /ngsprojects/seminavis/data_archive/cDNA/conditioningGust/2479_1/3t9a_R2.fastq.gz )] :

Greater than 5% of the fragments disagreed with the provided library type; check the file: /scratch/seminavis/largeScaleGeneExpression/conditioningGust/mappedReadsSalmon/3t9a/lib_format_counts.json for details

[2018-02-15 11:13:28.981] [jointLog] [info] parsing read library format
[2018-02-15 11:13:28.981] [jointLog] [info] There is 1 library.
[2018-02-15 11:13:29.030] [jointLog] [info] Loading Quasi index
[2018-02-15 11:13:29.030] [jointLog] [info] Loading 32-bit quasi index
[2018-02-15 11:13:32.751] [jointLog] [info] done
[2018-02-15 11:13:32.751] [jointLog] [info] Index contained 36776 targets
[2018-02-15 11:15:37.258] [fileLog] [info] 
At end of round 0
==================
Observed 25941647 total fragments (25941647 in most recent round)

[2018-02-15 11:15:37.256] [jointLog] [info] Computed 34570 rich equivalence classes for further processing
[2018-02-15 11:15:37.256] [jointLog] [info] Counted 20333539 total reads in the equivalence classes 
[2018-02-15 11:15:37.270] [jointLog] [info] Mapping rate = 78.3818%

[2018-02-15 11:15:37.270] [jointLog] [info] finished quantifyLibrary()
[2018-02-15 11:15:37.290] [jointLog] [info] Starting optimizer
[2018-02-15 11:15:37.326] [jointLog] [info] Marked 0 weighted equivalence classes as degenerate
[2018-02-15 11:15:37.335] [jointLog] [info] iteration = 0 | max rel diff. = 313.22
[2018-02-15 11:15:37.461] [jointLog] [info] iteration = 100 | max rel diff. = 0.0951752
[2018-02-15 11:15:37.607] [jointLog] [info] iteration = 200 | max rel diff. = 0.0385782
[2018-02-15 11:15:37.731] [jointLog] [info] iteration = 300 | max rel diff. = 0.0313501
[2018-02-15 11:15:37.856] [jointLog] [info] iteration = 400 | max rel diff. = 0.0229037
[2018-02-15 11:15:37.977] [jointLog] [info] iteration = 500 | max rel diff. = 0.0207991
[2018-02-15 11:15:38.099] [jointLog] [info] iteration = 600 | max rel diff. = 0.0136655
[2018-02-15 11:15:38.218] [jointLog] [info] iteration = 700 | max rel diff. = 0.0148801
[2018-02-15 11:15:38.221] [jointLog] [info] iteration = 704 | max rel diff. = 0.00967199
[2018-02-15 11:15:38.226] [jointLog] [info] Finished optimizer
[2018-02-15 11:15:38.226] [jointLog] [info] writing output 

[2018-02-15 11:15:38.369] [jointLog] [warning] NOTE: Read Lib [( /ngsprojects/seminavis/data_archive/cDNA/conditioningGust/2479_1/3t9a_R1.fastq.gz, /ngsprojects/seminavis/data_archive/cDNA/conditioningGust/2479_1/3t9a_R2.fastq.gz )] :

Greater than 5% of the fragments disagreed with the provided library type; check the file: /scratch/seminavis/largeScaleGeneExpression/conditioningGust/mappedReadsSalmon/3t9a/lib_format_counts.json for details

[2018-02-15 22:18:26.294] [jointLog] [info] parsing read library format
[2018-02-15 22:18:26.294] [jointLog] [info] There is 1 library.
[2018-02-15 22:18:26.434] [jointLog] [info] Loading Quasi index
[2018-02-15 22:18:26.434] [jointLog] [info] Loading 32-bit quasi index
[2018-02-15 22:18:34.375] [jointLog] [info] done
[2018-02-15 22:18:34.375] [jointLog] [info] Index contained 36776 targets
[2018-02-15 22:21:55.366] [fileLog] [info] 
At end of round 0
==================
Observed 25941647 total fragments (25941647 in most recent round)

[2018-02-15 22:21:55.365] [jointLog] [info] Computed 34570 rich equivalence classes for further processing
[2018-02-15 22:21:55.365] [jointLog] [info] Counted 20333539 total reads in the equivalence classes 
[2018-02-15 22:21:55.438] [jointLog] [info] Mapping rate = 78.3818%

[2018-02-15 22:21:55.438] [jointLog] [info] finished quantifyLibrary()
[2018-02-15 22:21:55.443] [jointLog] [info] Starting optimizer
[2018-02-15 22:21:55.484] [jointLog] [info] Marked 0 weighted equivalence classes as degenerate
[2018-02-15 22:21:55.489] [jointLog] [info] iteration = 0 | max rel diff. = 313.227
[2018-02-15 22:21:55.521] [jointLog] [info] iteration 11, adjusting effective lengths to account for biases
[2018-02-15 22:23:05.334] [jointLog] [info] Computed expected counts (for bias correction)
[2018-02-15 22:23:05.334] [jointLog] [info] processed bias for 0.0% of the transcripts
[2018-02-15 22:23:14.488] [jointLog] [info] processed bias for 10.0% of the transcripts
[2018-02-15 22:23:23.692] [jointLog] [info] processed bias for 20.0% of the transcripts
[2018-02-15 22:23:32.708] [jointLog] [info] processed bias for 30.0% of the transcripts
[2018-02-15 22:23:41.996] [jointLog] [info] processed bias for 40.0% of the transcripts
[2018-02-15 22:23:51.112] [jointLog] [info] processed bias for 50.0% of the transcripts
[2018-02-15 22:24:00.066] [jointLog] [info] processed bias for 60.0% of the transcripts
[2018-02-15 22:24:09.144] [jointLog] [info] processed bias for 70.0% of the transcripts
[2018-02-15 22:24:18.444] [jointLog] [info] processed bias for 80.0% of the transcripts
[2018-02-15 22:24:27.104] [jointLog] [info] processed bias for 100.0% of the transcripts
[2018-02-15 22:24:27.442] [jointLog] [info] iteration = 100 | max rel diff. = 0.17792
[2018-02-15 22:24:27.801] [jointLog] [info] iteration = 200 | max rel diff. = 0.0859859
[2018-02-15 22:24:28.158] [jointLog] [info] iteration = 300 | max rel diff. = 0.0313788
[2018-02-15 22:24:28.480] [jointLog] [info] iteration = 400 | max rel diff. = 0.0229156
[2018-02-15 22:24:28.779] [jointLog] [info] iteration = 500 | max rel diff. = 0.0169577
[2018-02-15 22:24:29.081] [jointLog] [info] iteration = 600 | max rel diff. = 0.012479
[2018-02-15 22:24:29.405] [jointLog] [info] iteration = 700 | max rel diff. = 0.0124708
[2018-02-15 22:24:29.702] [jointLog] [info] iteration = 800 | max rel diff. = 0.014043
[2018-02-15 22:24:29.709] [jointLog] [info] iteration = 803 | max rel diff. = 0.00898116
[2018-02-15 22:24:29.718] [jointLog] [info] Finished optimizer
[2018-02-15 22:24:29.718] [jointLog] [info] writing output 

[2018-02-15 22:24:29.973] [jointLog] [warning] NOTE: Read Lib [( /ngsprojects/seminavis/data_archive/cDNA/conditioningGust/2479_1/3t9a_R1.fastq.gz, /ngsprojects/seminavis/data_archive/cDNA/conditioningGust/2479_1/3t9a_R2.fastq.gz )] :

Greater than 5% of the fragments disagreed with the provided library type; check the file: /scratch/seminavis/largeScaleGeneExpression/conditioningGust/mappedReadsSalmon/3t9a/lib_format_counts.json for details

