[2018-02-09 11:19:24.471] [jointLog] [info] parsing read library format
[2018-02-09 11:19:24.471] [jointLog] [info] There is 1 library.
[2018-02-09 11:21:37.591] [jointLog] [info] parsing read library format
[2018-02-09 11:26:05.903] [jointLog] [info] parsing read library format
[2018-02-09 11:26:05.903] [jointLog] [info] There is 1 library.
[2018-02-09 11:30:46.899] [jointLog] [info] parsing read library format
[2018-02-09 11:30:46.900] [jointLog] [info] There is 1 library.
[2018-02-09 11:35:32.589] [jointLog] [info] parsing read library format
[2018-02-09 11:35:32.589] [jointLog] [info] There is 1 library.
[2018-02-09 11:38:21.472] [jointLog] [info] parsing read library format
[2018-02-09 11:38:21.472] [jointLog] [info] There is 1 library.
[2018-02-09 11:38:49.328] [jointLog] [info] parsing read library format
[2018-02-09 11:38:49.328] [jointLog] [info] There is 1 library.
[2018-02-09 11:56:16.071] [jointLog] [info] parsing read library format
[2018-02-09 11:56:16.071] [jointLog] [info] There is 1 library.
[2018-02-14 15:29:25.425] [jointLog] [info] parsing read library format
[2018-02-14 15:29:25.426] [jointLog] [info] There is 1 library.
[2018-02-14 15:33:59.823] [jointLog] [info] parsing read library format
[2018-02-14 15:33:59.823] [jointLog] [info] There is 1 library.
[2018-02-14 15:34:00.119] [jointLog] [info] Loading Quasi index
[2018-02-14 15:34:00.119] [jointLog] [info] Loading 32-bit quasi index
[2018-02-14 15:34:06.933] [jointLog] [info] done
[2018-02-14 15:34:06.933] [jointLog] [info] Index contained 36776 targets
[2018-02-14 15:36:57.825] [fileLog] [info] 
At end of round 0
==================
Observed 26679113 total fragments (26679113 in most recent round)

[2018-02-14 15:36:57.824] [jointLog] [info] Computed 35062 rich equivalence classes for further processing
[2018-02-14 15:36:57.824] [jointLog] [info] Counted 22004450 total reads in the equivalence classes 
[2018-02-14 15:36:57.892] [jointLog] [info] Mapping rate = 82.4782%

[2018-02-14 15:36:57.892] [jointLog] [info] finished quantifyLibrary()
[2018-02-14 15:36:57.895] [jointLog] [info] Starting optimizer
[2018-02-14 15:36:57.950] [jointLog] [info] Marked 0 weighted equivalence classes as degenerate
[2018-02-14 15:36:57.964] [jointLog] [info] iteration = 0 | max rel diff. = 266.2
[2018-02-14 15:36:58.162] [jointLog] [info] iteration = 100 | max rel diff. = 0.0966009
[2018-02-14 15:36:58.328] [jointLog] [info] iteration = 200 | max rel diff. = 0.0445452
[2018-02-14 15:36:58.483] [jointLog] [info] iteration = 300 | max rel diff. = 0.0317368
[2018-02-14 15:36:58.646] [jointLog] [info] iteration = 400 | max rel diff. = 0.020966
[2018-02-14 15:36:58.816] [jointLog] [info] iteration = 500 | max rel diff. = 0.0209644
[2018-02-14 15:36:58.981] [jointLog] [info] iteration = 600 | max rel diff. = 0.0172191
[2018-02-14 15:36:59.138] [jointLog] [info] iteration = 700 | max rel diff. = 0.0125021
[2018-02-14 15:36:59.264] [jointLog] [info] iteration = 779 | max rel diff. = 0.00913469
[2018-02-14 15:36:59.267] [jointLog] [info] Finished optimizer
[2018-02-14 15:36:59.267] [jointLog] [info] writing output 

[2018-02-14 15:36:59.410] [jointLog] [warning] NOTE: Read Lib [( /ngsprojects/seminavis/data_archive/cDNA/conditioningGust/2479_1/1t9b_R1.fastq.gz, /ngsprojects/seminavis/data_archive/cDNA/conditioningGust/2479_1/1t9b_R2.fastq.gz )] :

Greater than 5% of the fragments disagreed with the provided library type; check the file: /scratch/seminavis/largeScaleGeneExpression/conditioningGust/mappedReadsSalmon/1t9b/lib_format_counts.json for details

[2018-02-15 11:06:42.005] [jointLog] [info] parsing read library format
[2018-02-15 11:06:42.005] [jointLog] [info] There is 1 library.
[2018-02-15 11:06:42.183] [jointLog] [info] Loading Quasi index
[2018-02-15 11:06:42.186] [jointLog] [info] Loading 32-bit quasi index
[2018-02-15 11:06:46.950] [jointLog] [info] done
[2018-02-15 11:06:46.950] [jointLog] [info] Index contained 36776 targets
[2018-02-15 11:09:01.246] [fileLog] [info] 
At end of round 0
==================
Observed 26679113 total fragments (26679113 in most recent round)

[2018-02-15 11:09:01.244] [jointLog] [info] Computed 35062 rich equivalence classes for further processing
[2018-02-15 11:09:01.244] [jointLog] [info] Counted 22004450 total reads in the equivalence classes 
[2018-02-15 11:09:01.258] [jointLog] [info] Mapping rate = 82.4782%

[2018-02-15 11:09:01.258] [jointLog] [info] finished quantifyLibrary()
[2018-02-15 11:09:01.272] [jointLog] [info] Starting optimizer
[2018-02-15 11:09:01.310] [jointLog] [info] Marked 0 weighted equivalence classes as degenerate
[2018-02-15 11:09:01.311] [jointLog] [info] iteration = 0 | max rel diff. = 266.201
[2018-02-15 11:09:01.534] [jointLog] [info] iteration = 100 | max rel diff. = 0.0965758
[2018-02-15 11:09:01.796] [jointLog] [info] iteration = 200 | max rel diff. = 0.0445463
[2018-02-15 11:09:01.993] [jointLog] [info] iteration = 300 | max rel diff. = 0.0317369
[2018-02-15 11:09:02.184] [jointLog] [info] iteration = 400 | max rel diff. = 0.0209698
[2018-02-15 11:09:02.409] [jointLog] [info] iteration = 500 | max rel diff. = 0.0209682
[2018-02-15 11:09:02.608] [jointLog] [info] iteration = 600 | max rel diff. = 0.0172149
[2018-02-15 11:09:02.812] [jointLog] [info] iteration = 700 | max rel diff. = 0.0125035
[2018-02-15 11:09:03.026] [jointLog] [info] iteration = 778 | max rel diff. = 0.00913616
[2018-02-15 11:09:03.035] [jointLog] [info] Finished optimizer
[2018-02-15 11:09:03.035] [jointLog] [info] writing output 

[2018-02-15 11:09:03.230] [jointLog] [warning] NOTE: Read Lib [( /ngsprojects/seminavis/data_archive/cDNA/conditioningGust/2479_1/1t9b_R1.fastq.gz, /ngsprojects/seminavis/data_archive/cDNA/conditioningGust/2479_1/1t9b_R2.fastq.gz )] :

Greater than 5% of the fragments disagreed with the provided library type; check the file: /scratch/seminavis/largeScaleGeneExpression/conditioningGust/mappedReadsSalmon/1t9b/lib_format_counts.json for details

[2018-02-15 22:18:34.767] [jointLog] [info] parsing read library format
[2018-02-15 22:18:34.767] [jointLog] [info] There is 1 library.
[2018-02-15 22:18:34.932] [jointLog] [info] Loading Quasi index
[2018-02-15 22:18:34.932] [jointLog] [info] Loading 32-bit quasi index
[2018-02-15 22:18:41.371] [jointLog] [info] done
[2018-02-15 22:18:41.371] [jointLog] [info] Index contained 36776 targets
[2018-02-15 22:21:41.967] [jointLog] [info] Computed 35062 rich equivalence classes for further processing
[2018-02-15 22:21:41.967] [jointLog] [info] Counted 22004450 total reads in the equivalence classes 
[2018-02-15 22:21:41.977] [jointLog] [info] Mapping rate = 82.4782%

[2018-02-15 22:21:41.977] [jointLog] [info] finished quantifyLibrary()
[2018-02-15 22:21:41.981] [jointLog] [info] Starting optimizer
[2018-02-15 22:21:41.968] [fileLog] [info] 
At end of round 0
==================
Observed 26679113 total fragments (26679113 in most recent round)

[2018-02-15 22:21:42.049] [jointLog] [info] Marked 0 weighted equivalence classes as degenerate
[2018-02-15 22:21:42.064] [jointLog] [info] iteration = 0 | max rel diff. = 266.191
[2018-02-15 22:21:42.087] [jointLog] [info] iteration 11, adjusting effective lengths to account for biases
[2018-02-15 22:23:41.696] [jointLog] [info] Computed expected counts (for bias correction)
[2018-02-15 22:23:41.697] [jointLog] [info] processed bias for 0.0% of the transcripts
[2018-02-15 22:23:54.350] [jointLog] [info] processed bias for 10.0% of the transcripts
[2018-02-15 22:24:06.786] [jointLog] [info] processed bias for 20.0% of the transcripts
[2018-02-15 22:24:19.012] [jointLog] [info] processed bias for 30.0% of the transcripts
[2018-02-15 22:24:31.830] [jointLog] [info] processed bias for 40.0% of the transcripts
[2018-02-15 22:24:44.551] [jointLog] [info] processed bias for 50.0% of the transcripts
[2018-02-15 22:24:56.354] [jointLog] [info] processed bias for 60.0% of the transcripts
[2018-02-15 22:25:08.612] [jointLog] [info] processed bias for 70.0% of the transcripts
[2018-02-15 22:25:20.510] [jointLog] [info] processed bias for 80.0% of the transcripts
[2018-02-15 22:25:31.063] [jointLog] [info] processed bias for 100.0% of the transcripts
[2018-02-15 22:25:31.235] [jointLog] [info] iteration = 100 | max rel diff. = 0.0964386
[2018-02-15 22:25:31.423] [jointLog] [info] iteration = 200 | max rel diff. = 0.0652663
[2018-02-15 22:25:31.599] [jointLog] [info] iteration = 300 | max rel diff. = 0.031877
[2018-02-15 22:25:31.782] [jointLog] [info] iteration = 400 | max rel diff. = 0.0211721
[2018-02-15 22:25:31.974] [jointLog] [info] iteration = 500 | max rel diff. = 0.0211706
[2018-02-15 22:25:32.124] [jointLog] [info] iteration = 600 | max rel diff. = 0.0162021
[2018-02-15 22:25:32.293] [jointLog] [info] iteration = 700 | max rel diff. = 0.0107997
[2018-02-15 22:25:32.529] [jointLog] [info] iteration = 800 | max rel diff. = 0.0107969
[2018-02-15 22:25:32.546] [jointLog] [info] iteration = 804 | max rel diff. = 0.00936533
[2018-02-15 22:25:32.550] [jointLog] [info] Finished optimizer
[2018-02-15 22:25:32.550] [jointLog] [info] writing output 

[2018-02-15 22:25:32.817] [jointLog] [warning] NOTE: Read Lib [( /ngsprojects/seminavis/data_archive/cDNA/conditioningGust/2479_1/1t9b_R1.fastq.gz, /ngsprojects/seminavis/data_archive/cDNA/conditioningGust/2479_1/1t9b_R2.fastq.gz )] :

Greater than 5% of the fragments disagreed with the provided library type; check the file: /scratch/seminavis/largeScaleGeneExpression/conditioningGust/mappedReadsSalmon/1t9b/lib_format_counts.json for details

