[2018-02-09 11:19:23.025] [jointLog] [info] parsing read library format
[2018-02-09 11:19:23.025] [jointLog] [info] There is 1 library.
[2018-02-09 11:21:37.611] [jointLog] [info] parsing read library format
[2018-02-09 11:26:05.905] [jointLog] [info] parsing read library format
[2018-02-09 11:26:05.905] [jointLog] [info] There is 1 library.
[2018-02-09 11:30:53.854] [jointLog] [info] parsing read library format
[2018-02-09 11:30:53.854] [jointLog] [info] There is 1 library.
[2018-02-09 11:35:32.602] [jointLog] [info] parsing read library format
[2018-02-09 11:35:32.602] [jointLog] [info] There is 1 library.
[2018-02-09 11:38:21.233] [jointLog] [info] parsing read library format
[2018-02-09 11:38:21.233] [jointLog] [info] There is 1 library.
[2018-02-09 11:38:49.384] [jointLog] [info] parsing read library format
[2018-02-09 11:38:49.384] [jointLog] [info] There is 1 library.
[2018-02-09 11:56:15.988] [jointLog] [info] parsing read library format
[2018-02-09 11:56:15.988] [jointLog] [info] There is 1 library.
[2018-02-14 15:29:25.351] [jointLog] [info] parsing read library format
[2018-02-14 15:29:25.351] [jointLog] [info] There is 1 library.
[2018-02-14 15:36:45.556] [jointLog] [info] parsing read library format
[2018-02-14 15:36:45.556] [jointLog] [info] There is 1 library.
[2018-02-14 15:36:45.842] [jointLog] [info] Loading Quasi index
[2018-02-14 15:36:45.844] [jointLog] [info] Loading 32-bit quasi index
[2018-02-14 15:37:04.065] [jointLog] [info] done
[2018-02-14 15:37:04.065] [jointLog] [info] Index contained 36776 targets
[2018-02-14 15:39:01.149] [jointLog] [info] Computed 32571 rich equivalence classes for further processing
[2018-02-14 15:39:01.149] [jointLog] [info] Counted 14396884 total reads in the equivalence classes 
[2018-02-14 15:39:01.161] [jointLog] [info] Mapping rate = 70.7156%

[2018-02-14 15:39:01.161] [jointLog] [info] finished quantifyLibrary()
[2018-02-14 15:39:01.164] [jointLog] [info] Starting optimizer
[2018-02-14 15:39:01.208] [jointLog] [info] Marked 0 weighted equivalence classes as degenerate
[2018-02-14 15:39:01.210] [jointLog] [info] iteration = 0 | max rel diff. = 307.755
[2018-02-14 15:39:01.149] [fileLog] [info] 
At end of round 0
==================
Observed 20358841 total fragments (20358841 in most recent round)

[2018-02-14 15:39:01.463] [jointLog] [info] iteration = 100 | max rel diff. = 0.101531
[2018-02-14 15:39:01.650] [jointLog] [info] iteration = 200 | max rel diff. = 0.0421209
[2018-02-14 15:39:01.861] [jointLog] [info] iteration = 300 | max rel diff. = 0.0275868
[2018-02-14 15:39:02.089] [jointLog] [info] iteration = 400 | max rel diff. = 0.0200451
[2018-02-14 15:39:02.315] [jointLog] [info] iteration = 500 | max rel diff. = 0.0200453
[2018-02-14 15:39:02.522] [jointLog] [info] iteration = 600 | max rel diff. = 0.0128352
[2018-02-14 15:39:02.734] [jointLog] [info] iteration = 700 | max rel diff. = 0.0120723
[2018-02-14 15:39:02.971] [jointLog] [info] iteration = 800 | max rel diff. = 0.0120723
[2018-02-14 15:39:03.080] [jointLog] [info] iteration = 854 | max rel diff. = 0.00925304
[2018-02-14 15:39:03.085] [jointLog] [info] Finished optimizer
[2018-02-14 15:39:03.085] [jointLog] [info] writing output 

[2018-02-14 15:39:03.368] [jointLog] [warning] NOTE: Read Lib [( /ngsprojects/seminavis/data_archive/cDNA/conditioningGust/2479_1/1c3b_R1.fastq.gz, /ngsprojects/seminavis/data_archive/cDNA/conditioningGust/2479_1/1c3b_R2.fastq.gz )] :

Greater than 5% of the fragments disagreed with the provided library type; check the file: /scratch/seminavis/largeScaleGeneExpression/conditioningGust/mappedReadsSalmon/1c3b/lib_format_counts.json for details

[2018-02-15 10:58:47.013] [jointLog] [info] parsing read library format
[2018-02-15 10:58:47.013] [jointLog] [info] There is 1 library.
[2018-02-15 10:58:47.066] [jointLog] [info] Loading Quasi index
[2018-02-15 10:58:47.067] [jointLog] [info] Loading 32-bit quasi index
[2018-02-15 10:58:49.996] [jointLog] [info] done
[2018-02-15 10:58:49.996] [jointLog] [info] Index contained 36776 targets
[2018-02-15 11:00:19.862] [jointLog] [info] Computed 32571 rich equivalence classes for further processing
[2018-02-15 11:00:19.862] [jointLog] [info] Counted 14396884 total reads in the equivalence classes 
[2018-02-15 11:00:19.872] [jointLog] [info] Mapping rate = 70.7156%

[2018-02-15 11:00:19.872] [jointLog] [info] finished quantifyLibrary()
[2018-02-15 11:00:19.875] [jointLog] [info] Starting optimizer
[2018-02-15 11:00:19.907] [jointLog] [info] Marked 0 weighted equivalence classes as degenerate
[2018-02-15 11:00:19.908] [jointLog] [info] iteration = 0 | max rel diff. = 307.753
[2018-02-15 11:00:19.863] [fileLog] [info] 
At end of round 0
==================
Observed 20358841 total fragments (20358841 in most recent round)

[2018-02-15 11:00:20.042] [jointLog] [info] iteration = 100 | max rel diff. = 0.101531
[2018-02-15 11:00:20.141] [jointLog] [info] iteration = 200 | max rel diff. = 0.042121
[2018-02-15 11:00:20.259] [jointLog] [info] iteration = 300 | max rel diff. = 0.0275635
[2018-02-15 11:00:20.377] [jointLog] [info] iteration = 400 | max rel diff. = 0.0200451
[2018-02-15 11:00:20.491] [jointLog] [info] iteration = 500 | max rel diff. = 0.0200453
[2018-02-15 11:00:20.591] [jointLog] [info] iteration = 600 | max rel diff. = 0.0128354
[2018-02-15 11:00:20.691] [jointLog] [info] iteration = 700 | max rel diff. = 0.012073
[2018-02-15 11:00:20.791] [jointLog] [info] iteration = 800 | max rel diff. = 0.0120729
[2018-02-15 11:00:20.844] [jointLog] [info] iteration = 855 | max rel diff. = 0.009261
[2018-02-15 11:00:20.848] [jointLog] [info] Finished optimizer
[2018-02-15 11:00:20.848] [jointLog] [info] writing output 

[2018-02-15 11:00:20.980] [jointLog] [warning] NOTE: Read Lib [( /ngsprojects/seminavis/data_archive/cDNA/conditioningGust/2479_1/1c3b_R1.fastq.gz, /ngsprojects/seminavis/data_archive/cDNA/conditioningGust/2479_1/1c3b_R2.fastq.gz )] :

Greater than 5% of the fragments disagreed with the provided library type; check the file: /scratch/seminavis/largeScaleGeneExpression/conditioningGust/mappedReadsSalmon/1c3b/lib_format_counts.json for details

[2018-02-15 22:08:47.880] [jointLog] [info] parsing read library format
[2018-02-15 22:08:47.880] [jointLog] [info] There is 1 library.
[2018-02-15 22:08:48.068] [jointLog] [info] Loading Quasi index
[2018-02-15 22:08:48.069] [jointLog] [info] Loading 32-bit quasi index
[2018-02-15 22:08:59.444] [jointLog] [info] done
[2018-02-15 22:08:59.444] [jointLog] [info] Index contained 36776 targets
[2018-02-15 22:10:56.340] [fileLog] [info] 
At end of round 0
==================
Observed 20358841 total fragments (20358841 in most recent round)

[2018-02-15 22:10:56.339] [jointLog] [info] Computed 32571 rich equivalence classes for further processing
[2018-02-15 22:10:56.339] [jointLog] [info] Counted 14396884 total reads in the equivalence classes 
[2018-02-15 22:10:56.352] [jointLog] [info] Mapping rate = 70.7156%

[2018-02-15 22:10:56.352] [jointLog] [info] finished quantifyLibrary()
[2018-02-15 22:10:56.356] [jointLog] [info] Starting optimizer
[2018-02-15 22:10:56.413] [jointLog] [info] Marked 0 weighted equivalence classes as degenerate
[2018-02-15 22:10:56.416] [jointLog] [info] iteration = 0 | max rel diff. = 307.755
[2018-02-15 22:10:56.429] [jointLog] [info] iteration 11, adjusting effective lengths to account for biases
[2018-02-15 22:12:08.306] [jointLog] [info] Computed expected counts (for bias correction)
[2018-02-15 22:12:08.306] [jointLog] [info] processed bias for 0.0% of the transcripts
[2018-02-15 22:12:15.837] [jointLog] [info] processed bias for 10.0% of the transcripts
[2018-02-15 22:12:23.258] [jointLog] [info] processed bias for 20.0% of the transcripts
[2018-02-15 22:12:30.464] [jointLog] [info] processed bias for 30.0% of the transcripts
[2018-02-15 22:12:37.791] [jointLog] [info] processed bias for 40.0% of the transcripts
[2018-02-15 22:12:45.634] [jointLog] [info] processed bias for 50.0% of the transcripts
[2018-02-15 22:12:53.095] [jointLog] [info] processed bias for 60.0% of the transcripts
[2018-02-15 22:13:00.514] [jointLog] [info] processed bias for 70.0% of the transcripts
[2018-02-15 22:13:07.839] [jointLog] [info] processed bias for 80.0% of the transcripts
[2018-02-15 22:13:10.599] [jointLog] [info] processed bias for 100.0% of the transcripts
[2018-02-15 22:13:10.778] [jointLog] [info] iteration = 100 | max rel diff. = 0.189155
[2018-02-15 22:13:10.953] [jointLog] [info] iteration = 200 | max rel diff. = 0.0430692
[2018-02-15 22:13:11.147] [jointLog] [info] iteration = 300 | max rel diff. = 0.0279851
[2018-02-15 22:13:11.355] [jointLog] [info] iteration = 400 | max rel diff. = 0.0235611
[2018-02-15 22:13:11.546] [jointLog] [info] iteration = 500 | max rel diff. = 0.0201333
[2018-02-15 22:13:11.740] [jointLog] [info] iteration = 600 | max rel diff. = 0.0137264
[2018-02-15 22:13:11.941] [jointLog] [info] iteration = 700 | max rel diff. = 0.0119625
[2018-02-15 22:13:12.126] [jointLog] [info] iteration = 800 | max rel diff. = 0.0119625
[2018-02-15 22:13:12.252] [jointLog] [info] iteration = 862 | max rel diff. = 0.00951995
[2018-02-15 22:13:12.267] [jointLog] [info] Finished optimizer
[2018-02-15 22:13:12.267] [jointLog] [info] writing output 

[2018-02-15 22:13:12.511] [jointLog] [warning] NOTE: Read Lib [( /ngsprojects/seminavis/data_archive/cDNA/conditioningGust/2479_1/1c3b_R1.fastq.gz, /ngsprojects/seminavis/data_archive/cDNA/conditioningGust/2479_1/1c3b_R2.fastq.gz )] :

Greater than 5% of the fragments disagreed with the provided library type; check the file: /scratch/seminavis/largeScaleGeneExpression/conditioningGust/mappedReadsSalmon/1c3b/lib_format_counts.json for details

[2018-02-15 22:14:06.505] [jointLog] [info] parsing read library format
[2018-02-15 22:14:06.505] [jointLog] [info] There is 1 library.
[2018-02-15 22:14:06.588] [jointLog] [info] Loading Quasi index
[2018-02-15 22:14:06.588] [jointLog] [info] Loading 32-bit quasi index
[2018-02-15 22:14:13.304] [jointLog] [info] done
[2018-02-15 22:14:13.304] [jointLog] [info] Index contained 36776 targets
[2018-02-15 22:16:46.239] [jointLog] [info] Computed 32571 rich equivalence classes for further processing
[2018-02-15 22:16:46.239] [jointLog] [info] Counted 14396884 total reads in the equivalence classes 
[2018-02-15 22:16:46.340] [jointLog] [info] Mapping rate = 70.7156%

[2018-02-15 22:16:46.340] [jointLog] [info] finished quantifyLibrary()
[2018-02-15 22:16:46.346] [jointLog] [info] Starting optimizer
[2018-02-15 22:16:46.240] [fileLog] [info] 
At end of round 0
==================
Observed 20358841 total fragments (20358841 in most recent round)

[2018-02-15 22:16:46.396] [jointLog] [info] Marked 0 weighted equivalence classes as degenerate
[2018-02-15 22:16:46.401] [jointLog] [info] iteration = 0 | max rel diff. = 307.753
[2018-02-15 22:16:46.465] [jointLog] [info] iteration 11, adjusting effective lengths to account for biases
[2018-02-15 22:17:12.890] [jointLog] [info] Computed expected counts (for bias correction)
[2018-02-15 22:17:12.891] [jointLog] [info] processed bias for 0.0% of the transcripts
[2018-02-15 22:17:16.224] [jointLog] [info] processed bias for 10.0% of the transcripts
[2018-02-15 22:17:19.494] [jointLog] [info] processed bias for 20.0% of the transcripts
[2018-02-15 22:17:22.551] [jointLog] [info] processed bias for 30.0% of the transcripts
[2018-02-15 22:17:25.790] [jointLog] [info] processed bias for 40.0% of the transcripts
[2018-02-15 22:17:28.968] [jointLog] [info] processed bias for 50.0% of the transcripts
[2018-02-15 22:17:32.060] [jointLog] [info] processed bias for 60.0% of the transcripts
[2018-02-15 22:17:36.190] [jointLog] [info] processed bias for 70.0% of the transcripts
[2018-02-15 22:17:40.890] [jointLog] [info] processed bias for 80.0% of the transcripts
[2018-02-15 22:17:43.305] [jointLog] [info] processed bias for 100.0% of the transcripts
[2018-02-15 22:17:43.756] [jointLog] [info] iteration = 100 | max rel diff. = 0.18916
[2018-02-15 22:17:44.156] [jointLog] [info] iteration = 200 | max rel diff. = 0.0430738
[2018-02-15 22:17:44.668] [jointLog] [info] iteration = 300 | max rel diff. = 0.0279943
[2018-02-15 22:17:45.245] [jointLog] [info] iteration = 400 | max rel diff. = 0.023561
[2018-02-15 22:17:45.822] [jointLog] [info] iteration = 500 | max rel diff. = 0.0201334
[2018-02-15 22:17:46.255] [jointLog] [info] iteration = 600 | max rel diff. = 0.0138038
[2018-02-15 22:17:46.682] [jointLog] [info] iteration = 700 | max rel diff. = 0.01199
[2018-02-15 22:17:47.179] [jointLog] [info] iteration = 800 | max rel diff. = 0.01199
[2018-02-15 22:17:47.430] [jointLog] [info] iteration = 861 | max rel diff. = 0.00951978
[2018-02-15 22:17:47.503] [jointLog] [info] Finished optimizer
[2018-02-15 22:17:47.512] [jointLog] [info] writing output 

[2018-02-15 22:17:47.972] [jointLog] [warning] NOTE: Read Lib [( /ngsprojects/seminavis/data_archive/cDNA/conditioningGust/2479_1/1c3b_R1.fastq.gz, /ngsprojects/seminavis/data_archive/cDNA/conditioningGust/2479_1/1c3b_R2.fastq.gz )] :

Greater than 5% of the fragments disagreed with the provided library type; check the file: /scratch/seminavis/largeScaleGeneExpression/conditioningGust/mappedReadsSalmon/1c3b/lib_format_counts.json for details

