[2018-02-15 12:30:35.495] [jointLog] [info] parsing read library format
[2018-02-15 12:30:35.495] [jointLog] [info] There is 1 library.
[2018-02-15 12:30:35.875] [jointLog] [info] Loading Quasi index
[2018-02-15 12:30:35.876] [jointLog] [info] Loading 32-bit quasi index
[2018-02-15 12:30:43.530] [jointLog] [info] done
[2018-02-15 12:30:43.530] [jointLog] [info] Index contained 36776 targets
[2018-02-15 12:34:14.542] [fileLog] [info] 
At end of round 0
==================
Observed 25031639 total fragments (25031639 in most recent round)

[2018-02-15 12:34:14.540] [jointLog] [info] Computed 35096 rich equivalence classes for further processing
[2018-02-15 12:34:14.540] [jointLog] [info] Counted 18734212 total reads in the equivalence classes 
[2018-02-15 12:34:14.624] [jointLog] [info] Mapping rate = 74.8421%

[2018-02-15 12:34:14.624] [jointLog] [info] finished quantifyLibrary()
[2018-02-15 12:34:14.628] [jointLog] [info] Starting optimizer
[2018-02-15 12:34:14.673] [jointLog] [info] Marked 0 weighted equivalence classes as degenerate
[2018-02-15 12:34:14.676] [jointLog] [info] iteration = 0 | max rel diff. = 326.931
[2018-02-15 12:34:15.194] [jointLog] [info] iteration = 100 | max rel diff. = 0.104195
[2018-02-15 12:34:15.705] [jointLog] [info] iteration = 200 | max rel diff. = 0.0513242
[2018-02-15 12:34:16.289] [jointLog] [info] iteration = 300 | max rel diff. = 0.0344221
[2018-02-15 12:34:16.772] [jointLog] [info] iteration = 400 | max rel diff. = 0.0251655
[2018-02-15 12:34:17.346] [jointLog] [info] iteration = 500 | max rel diff. = 0.0177669
[2018-02-15 12:34:17.745] [jointLog] [info] iteration = 600 | max rel diff. = 0.0131271
[2018-02-15 12:34:18.295] [jointLog] [info] iteration = 700 | max rel diff. = 0.0131244
[2018-02-15 12:34:18.762] [jointLog] [info] iteration = 800 | max rel diff. = 0.0105112
[2018-02-15 12:34:19.213] [jointLog] [info] iteration = 900 | max rel diff. = 0.0105102
[2018-02-15 12:34:19.454] [jointLog] [info] iteration = 962 | max rel diff. = 0.00666239
[2018-02-15 12:34:19.474] [jointLog] [info] Finished optimizer
[2018-02-15 12:34:19.477] [jointLog] [info] writing output 

[2018-02-15 12:34:19.648] [jointLog] [warning] NOTE: Read Lib [( /ngsprojects/seminavis/data_archive/cDNA/conditioningGust/2479_2/3t0a_R1.fastq.gz, /ngsprojects/seminavis/data_archive/cDNA/conditioningGust/2479_2/3t0a_R2.fastq.gz )] :

Greater than 5% of the fragments disagreed with the provided library type; check the file: /scratch/seminavis/largeScaleGeneExpression/conditioningGust/mappedReadsSalmon/3t0a/lib_format_counts.json for details

[2018-02-15 22:26:20.162] [jointLog] [info] parsing read library format
[2018-02-15 22:26:20.162] [jointLog] [info] There is 1 library.
[2018-02-15 22:26:20.438] [jointLog] [info] Loading Quasi index
[2018-02-15 22:26:20.438] [jointLog] [info] Loading 32-bit quasi index
[2018-02-15 22:26:26.731] [jointLog] [info] done
[2018-02-15 22:26:26.731] [jointLog] [info] Index contained 36776 targets
[2018-02-15 22:29:52.113] [fileLog] [info] 
At end of round 0
==================
Observed 25031639 total fragments (25031639 in most recent round)

[2018-02-15 22:29:52.112] [jointLog] [info] Computed 35096 rich equivalence classes for further processing
[2018-02-15 22:29:52.112] [jointLog] [info] Counted 18734212 total reads in the equivalence classes 
[2018-02-15 22:29:52.294] [jointLog] [info] Mapping rate = 74.8421%

[2018-02-15 22:29:52.294] [jointLog] [info] finished quantifyLibrary()
[2018-02-15 22:29:52.306] [jointLog] [info] Starting optimizer
[2018-02-15 22:29:52.387] [jointLog] [info] Marked 0 weighted equivalence classes as degenerate
[2018-02-15 22:29:52.401] [jointLog] [info] iteration = 0 | max rel diff. = 326.933
[2018-02-15 22:29:52.460] [jointLog] [info] iteration 11, adjusting effective lengths to account for biases
[2018-02-15 22:30:28.654] [jointLog] [info] Computed expected counts (for bias correction)
[2018-02-15 22:30:28.655] [jointLog] [info] processed bias for 0.0% of the transcripts
[2018-02-15 22:30:33.165] [jointLog] [info] processed bias for 10.0% of the transcripts
[2018-02-15 22:30:37.447] [jointLog] [info] processed bias for 20.0% of the transcripts
[2018-02-15 22:30:41.831] [jointLog] [info] processed bias for 30.0% of the transcripts
[2018-02-15 22:30:46.005] [jointLog] [info] processed bias for 40.0% of the transcripts
[2018-02-15 22:30:50.228] [jointLog] [info] processed bias for 50.0% of the transcripts
[2018-02-15 22:30:54.329] [jointLog] [info] processed bias for 60.0% of the transcripts
[2018-02-15 22:30:57.319] [jointLog] [info] processed bias for 70.0% of the transcripts
[2018-02-15 22:30:59.948] [jointLog] [info] processed bias for 80.0% of the transcripts
[2018-02-15 22:31:02.341] [jointLog] [info] processed bias for 100.0% of the transcripts
[2018-02-15 22:31:02.487] [jointLog] [info] iteration = 100 | max rel diff. = 0.154693
[2018-02-15 22:31:02.637] [jointLog] [info] iteration = 200 | max rel diff. = 0.0506497
[2018-02-15 22:31:02.786] [jointLog] [info] iteration = 300 | max rel diff. = 0.0336383
[2018-02-15 22:31:02.934] [jointLog] [info] iteration = 400 | max rel diff. = 0.0251737
[2018-02-15 22:31:03.082] [jointLog] [info] iteration = 500 | max rel diff. = 0.0168983
[2018-02-15 22:31:03.230] [jointLog] [info] iteration = 600 | max rel diff. = 0.0168967
[2018-02-15 22:31:03.380] [jointLog] [info] iteration = 700 | max rel diff. = 0.0122865
[2018-02-15 22:31:03.453] [jointLog] [info] iteration = 750 | max rel diff. = 0.00904565
[2018-02-15 22:31:03.458] [jointLog] [info] Finished optimizer
[2018-02-15 22:31:03.458] [jointLog] [info] writing output 

[2018-02-15 22:31:03.616] [jointLog] [warning] NOTE: Read Lib [( /ngsprojects/seminavis/data_archive/cDNA/conditioningGust/2479_2/3t0a_R1.fastq.gz, /ngsprojects/seminavis/data_archive/cDNA/conditioningGust/2479_2/3t0a_R2.fastq.gz )] :

Greater than 5% of the fragments disagreed with the provided library type; check the file: /scratch/seminavis/largeScaleGeneExpression/conditioningGust/mappedReadsSalmon/3t0a/lib_format_counts.json for details

