[2019-07-10 10:57:16.708] [jointLog] [info] parsing read library format
[2019-07-10 10:57:16.709] [jointLog] [info] There is 1 library.
[2019-07-10 10:57:16.740] [jointLog] [info] Loading Quasi index
[2019-07-10 10:57:16.740] [jointLog] [info] Loading 32-bit quasi index
[2019-07-10 10:57:19.215] [jointLog] [info] done
[2019-07-10 10:57:19.215] [jointLog] [info] Index contained 36776 targets
[2019-07-10 10:57:20.146] [jointLog] [info] Automatically detected most likely library type as ISR
[2019-07-10 11:00:57.617] [jointLog] [info] Computed 34481 rich equivalence classes for further processing
[2019-07-10 11:00:57.617] [jointLog] [info] Counted 19573804 total reads in the equivalence classes 
[2019-07-10 11:00:57.618] [jointLog] [info] Mapping rate = 83.4378%

[2019-07-10 11:00:57.618] [jointLog] [info] finished quantifyLibrary()
[2019-07-10 11:00:57.621] [jointLog] [info] Starting optimizer
[2019-07-10 11:00:57.645] [jointLog] [info] Marked 0 weighted equivalence classes as degenerate
[2019-07-10 11:00:57.646] [jointLog] [info] iteration = 0 | max rel diff. = 319.797
[2019-07-10 11:00:57.725] [jointLog] [info] iteration = 100 | max rel diff. = 0.105088
[2019-07-10 11:00:57.618] [fileLog] [info] 
At end of round 0
==================
Observed 23459152 total fragments (23459152 in most recent round)

[2019-07-10 11:00:57.805] [jointLog] [info] iteration = 200 | max rel diff. = 0.0497645
[2019-07-10 11:00:57.884] [jointLog] [info] iteration = 300 | max rel diff. = 0.0312049
[2019-07-10 11:00:57.963] [jointLog] [info] iteration = 400 | max rel diff. = 0.0250115
[2019-07-10 11:00:58.045] [jointLog] [info] iteration = 500 | max rel diff. = 0.0208326
[2019-07-10 11:00:58.124] [jointLog] [info] iteration = 600 | max rel diff. = 0.0161317
[2019-07-10 11:00:58.203] [jointLog] [info] iteration = 700 | max rel diff. = 0.0161314
[2019-07-10 11:00:58.251] [jointLog] [info] iteration = 761 | max rel diff. = 0.0086936
[2019-07-10 11:00:58.254] [jointLog] [info] Finished optimizer
[2019-07-10 11:00:58.254] [jointLog] [info] writing output 

[2019-07-10 11:00:58.327] [jointLog] [warning] NOTE: Read Lib [( /ngsprojects/seminavis/data_archive/cDNA/conditioningEmilio/merged_reads/SIPEmilio_III/SIP3_S6_R1_001.fastq.gz, /ngsprojects/seminavis/data_archive/cDNA/conditioningEmilio/merged_reads/SIPEmilio_III/SIP3_S6_R2_001.fastq.gz )] :

Greater than 5% of the fragments disagreed with the provided library type; check the file: Documents/mapping_Emilio_V1.0/SIPEmilio_III/lib_format_counts.json for details

