[2018-02-15 12:24:14.204] [jointLog] [info] parsing read library format
[2018-02-15 12:24:14.204] [jointLog] [info] There is 1 library.
[2018-02-15 12:24:14.378] [jointLog] [info] Loading Quasi index
[2018-02-15 12:24:14.379] [jointLog] [info] Loading 32-bit quasi index
[2018-02-15 12:24:24.053] [jointLog] [info] done
[2018-02-15 12:24:24.053] [jointLog] [info] Index contained 36776 targets
[2018-02-15 12:29:01.149] [fileLog] [info] 
At end of round 0
==================
Observed 28518410 total fragments (28518410 in most recent round)

[2018-02-15 12:29:01.148] [jointLog] [info] Computed 33890 rich equivalence classes for further processing
[2018-02-15 12:29:01.148] [jointLog] [info] Counted 23764094 total reads in the equivalence classes 
[2018-02-15 12:29:01.226] [jointLog] [info] Mapping rate = 83.329%

[2018-02-15 12:29:01.226] [jointLog] [info] finished quantifyLibrary()
[2018-02-15 12:29:01.230] [jointLog] [info] Starting optimizer
[2018-02-15 12:29:01.307] [jointLog] [info] Marked 0 weighted equivalence classes as degenerate
[2018-02-15 12:29:01.311] [jointLog] [info] iteration = 0 | max rel diff. = 268.289
[2018-02-15 12:29:01.645] [jointLog] [info] iteration = 100 | max rel diff. = 0.101401
[2018-02-15 12:29:01.966] [jointLog] [info] iteration = 200 | max rel diff. = 0.0451522
[2018-02-15 12:29:02.297] [jointLog] [info] iteration = 300 | max rel diff. = 0.029703
[2018-02-15 12:29:02.634] [jointLog] [info] iteration = 400 | max rel diff. = 0.0235433
[2018-02-15 12:29:02.989] [jointLog] [info] iteration = 500 | max rel diff. = 0.019437
[2018-02-15 12:29:03.318] [jointLog] [info] iteration = 600 | max rel diff. = 0.0172785
[2018-02-15 12:29:03.656] [jointLog] [info] iteration = 700 | max rel diff. = 0.0146987
[2018-02-15 12:29:04.019] [jointLog] [info] iteration = 800 | max rel diff. = 0.0105364
[2018-02-15 12:29:04.339] [jointLog] [info] iteration = 889 | max rel diff. = 0.00843147
[2018-02-15 12:29:04.362] [jointLog] [info] Finished optimizer
[2018-02-15 12:29:04.362] [jointLog] [info] writing output 

[2018-02-15 12:29:04.584] [jointLog] [warning] NOTE: Read Lib [( /ngsprojects/seminavis/data_archive/cDNA/conditioningGust/2479_2/2t1a_R1.fastq.gz, /ngsprojects/seminavis/data_archive/cDNA/conditioningGust/2479_2/2t1a_R2.fastq.gz )] :

Greater than 5% of the fragments disagreed with the provided library type; check the file: /scratch/seminavis/largeScaleGeneExpression/conditioningGust/mappedReadsSalmon/2t1a/lib_format_counts.json for details

[2018-02-15 22:23:02.404] [jointLog] [info] parsing read library format
[2018-02-15 22:23:02.405] [jointLog] [info] There is 1 library.
[2018-02-15 22:23:02.710] [jointLog] [info] Loading Quasi index
[2018-02-15 22:23:02.710] [jointLog] [info] Loading 32-bit quasi index
[2018-02-15 22:23:09.323] [jointLog] [info] done
[2018-02-15 22:23:09.323] [jointLog] [info] Index contained 36776 targets
[2018-02-15 22:27:19.019] [fileLog] [info] 
At end of round 0
==================
Observed 28518410 total fragments (28518410 in most recent round)

[2018-02-15 22:27:19.018] [jointLog] [info] Computed 33890 rich equivalence classes for further processing
[2018-02-15 22:27:19.018] [jointLog] [info] Counted 23764094 total reads in the equivalence classes 
[2018-02-15 22:27:19.120] [jointLog] [info] Mapping rate = 83.329%

[2018-02-15 22:27:19.120] [jointLog] [info] finished quantifyLibrary()
[2018-02-15 22:27:19.125] [jointLog] [info] Starting optimizer
[2018-02-15 22:27:19.184] [jointLog] [info] Marked 0 weighted equivalence classes as degenerate
[2018-02-15 22:27:19.187] [jointLog] [info] iteration = 0 | max rel diff. = 268.286
[2018-02-15 22:27:19.234] [jointLog] [info] iteration 11, adjusting effective lengths to account for biases
[2018-02-15 22:27:51.690] [jointLog] [info] Computed expected counts (for bias correction)
[2018-02-15 22:27:51.690] [jointLog] [info] processed bias for 0.0% of the transcripts
[2018-02-15 22:27:55.627] [jointLog] [info] processed bias for 10.0% of the transcripts
[2018-02-15 22:27:59.362] [jointLog] [info] processed bias for 20.0% of the transcripts
[2018-02-15 22:28:03.022] [jointLog] [info] processed bias for 30.0% of the transcripts
[2018-02-15 22:28:06.556] [jointLog] [info] processed bias for 40.0% of the transcripts
[2018-02-15 22:28:10.275] [jointLog] [info] processed bias for 50.0% of the transcripts
[2018-02-15 22:28:13.794] [jointLog] [info] processed bias for 60.0% of the transcripts
[2018-02-15 22:28:17.375] [jointLog] [info] processed bias for 70.0% of the transcripts
[2018-02-15 22:28:21.209] [jointLog] [info] processed bias for 80.0% of the transcripts
[2018-02-15 22:28:23.495] [jointLog] [info] processed bias for 100.0% of the transcripts
[2018-02-15 22:28:24.089] [jointLog] [info] iteration = 100 | max rel diff. = 0.149602
[2018-02-15 22:28:24.505] [jointLog] [info] iteration = 200 | max rel diff. = 0.0885715
[2018-02-15 22:28:24.894] [jointLog] [info] iteration = 300 | max rel diff. = 0.0590829
[2018-02-15 22:28:25.405] [jointLog] [info] iteration = 400 | max rel diff. = 0.0325679
[2018-02-15 22:28:25.907] [jointLog] [info] iteration = 500 | max rel diff. = 0.0302839
[2018-02-15 22:28:26.410] [jointLog] [info] iteration = 600 | max rel diff. = 0.0152776
[2018-02-15 22:28:26.943] [jointLog] [info] iteration = 700 | max rel diff. = 0.0207227
[2018-02-15 22:28:27.385] [jointLog] [info] iteration = 800 | max rel diff. = 0.0105454
[2018-02-15 22:28:28.002] [jointLog] [info] iteration = 900 | max rel diff. = 0.0105444
[2018-02-15 22:28:28.316] [jointLog] [info] iteration = 971 | max rel diff. = 0.00950364
[2018-02-15 22:28:28.322] [jointLog] [info] Finished optimizer
[2018-02-15 22:28:28.322] [jointLog] [info] writing output 

[2018-02-15 22:28:28.516] [jointLog] [warning] NOTE: Read Lib [( /ngsprojects/seminavis/data_archive/cDNA/conditioningGust/2479_2/2t1a_R1.fastq.gz, /ngsprojects/seminavis/data_archive/cDNA/conditioningGust/2479_2/2t1a_R2.fastq.gz )] :

Greater than 5% of the fragments disagreed with the provided library type; check the file: /scratch/seminavis/largeScaleGeneExpression/conditioningGust/mappedReadsSalmon/2t1a/lib_format_counts.json for details

