[2018-02-15 12:29:12.448] [jointLog] [info] parsing read library format
[2018-02-15 12:29:12.448] [jointLog] [info] There is 1 library.
[2018-02-15 12:29:12.661] [jointLog] [info] Loading Quasi index
[2018-02-15 12:29:12.662] [jointLog] [info] Loading 32-bit quasi index
[2018-02-15 12:29:21.915] [jointLog] [info] done
[2018-02-15 12:29:21.915] [jointLog] [info] Index contained 36776 targets
[2018-02-15 12:33:21.785] [fileLog] [info] 
At end of round 0
==================
Observed 24461545 total fragments (24461545 in most recent round)

[2018-02-15 12:33:21.784] [jointLog] [info] Computed 32882 rich equivalence classes for further processing
[2018-02-15 12:33:21.784] [jointLog] [info] Counted 19547081 total reads in the equivalence classes 
[2018-02-15 12:33:21.878] [jointLog] [info] Mapping rate = 79.9094%

[2018-02-15 12:33:21.878] [jointLog] [info] finished quantifyLibrary()
[2018-02-15 12:33:21.884] [jointLog] [info] Starting optimizer
[2018-02-15 12:33:21.964] [jointLog] [info] Marked 0 weighted equivalence classes as degenerate
[2018-02-15 12:33:21.968] [jointLog] [info] iteration = 0 | max rel diff. = 323.419
[2018-02-15 12:33:22.384] [jointLog] [info] iteration = 100 | max rel diff. = 0.11024
[2018-02-15 12:33:22.738] [jointLog] [info] iteration = 200 | max rel diff. = 0.0469302
[2018-02-15 12:33:23.081] [jointLog] [info] iteration = 300 | max rel diff. = 0.0300021
[2018-02-15 12:33:23.446] [jointLog] [info] iteration = 400 | max rel diff. = 0.0256433
[2018-02-15 12:33:23.798] [jointLog] [info] iteration = 500 | max rel diff. = 0.0148251
[2018-02-15 12:33:24.134] [jointLog] [info] iteration = 600 | max rel diff. = 0.0119782
[2018-02-15 12:33:24.186] [jointLog] [info] iteration = 619 | max rel diff. = 0.00946077
[2018-02-15 12:33:24.218] [jointLog] [info] Finished optimizer
[2018-02-15 12:33:24.226] [jointLog] [info] writing output 

[2018-02-15 12:33:24.551] [jointLog] [warning] NOTE: Read Lib [( /ngsprojects/seminavis/data_archive/cDNA/conditioningGust/2479_2/3c1b_R1.fastq.gz, /ngsprojects/seminavis/data_archive/cDNA/conditioningGust/2479_2/3c1b_R2.fastq.gz )] :

Greater than 5% of the fragments disagreed with the provided library type; check the file: /scratch/seminavis/largeScaleGeneExpression/conditioningGust/mappedReadsSalmon/3c1b/lib_format_counts.json for details

[2018-02-15 22:20:29.644] [jointLog] [info] parsing read library format
[2018-02-15 22:20:29.644] [jointLog] [info] There is 1 library.
[2018-02-15 22:20:29.761] [jointLog] [info] Loading Quasi index
[2018-02-15 22:20:29.761] [jointLog] [info] Loading 32-bit quasi index
[2018-02-15 22:20:35.134] [jointLog] [info] done
[2018-02-15 22:20:35.134] [jointLog] [info] Index contained 36776 targets
[2018-02-15 22:23:19.732] [jointLog] [info] Computed 32882 rich equivalence classes for further processing
[2018-02-15 22:23:19.732] [jointLog] [info] Counted 19547081 total reads in the equivalence classes 
[2018-02-15 22:23:19.755] [jointLog] [info] Mapping rate = 79.9094%

[2018-02-15 22:23:19.755] [jointLog] [info] finished quantifyLibrary()
[2018-02-15 22:23:19.770] [jointLog] [info] Starting optimizer
[2018-02-15 22:23:19.814] [jointLog] [info] Marked 0 weighted equivalence classes as degenerate
[2018-02-15 22:23:19.829] [jointLog] [info] iteration = 0 | max rel diff. = 323.42
[2018-02-15 22:23:19.856] [jointLog] [info] iteration 11, adjusting effective lengths to account for biases
[2018-02-15 22:23:19.745] [fileLog] [info] 
At end of round 0
==================
Observed 24461545 total fragments (24461545 in most recent round)

[2018-02-15 22:24:22.686] [jointLog] [info] Computed expected counts (for bias correction)
[2018-02-15 22:24:22.686] [jointLog] [info] processed bias for 0.0% of the transcripts
[2018-02-15 22:24:28.476] [jointLog] [info] processed bias for 10.0% of the transcripts
[2018-02-15 22:24:34.527] [jointLog] [info] processed bias for 20.0% of the transcripts
[2018-02-15 22:24:40.446] [jointLog] [info] processed bias for 30.0% of the transcripts
[2018-02-15 22:24:46.416] [jointLog] [info] processed bias for 40.0% of the transcripts
[2018-02-15 22:24:52.527] [jointLog] [info] processed bias for 50.0% of the transcripts
[2018-02-15 22:24:58.488] [jointLog] [info] processed bias for 60.0% of the transcripts
[2018-02-15 22:25:04.221] [jointLog] [info] processed bias for 70.0% of the transcripts
[2018-02-15 22:25:10.017] [jointLog] [info] processed bias for 80.0% of the transcripts
[2018-02-15 22:25:12.044] [jointLog] [info] processed bias for 100.0% of the transcripts
[2018-02-15 22:25:12.216] [jointLog] [info] iteration = 100 | max rel diff. = 0.150742
[2018-02-15 22:25:12.311] [jointLog] [info] iteration = 200 | max rel diff. = 0.0623529
[2018-02-15 22:25:12.503] [jointLog] [info] iteration = 300 | max rel diff. = 0.0651935
[2018-02-15 22:25:12.683] [jointLog] [info] iteration = 400 | max rel diff. = 0.0423378
[2018-02-15 22:25:12.859] [jointLog] [info] iteration = 500 | max rel diff. = 0.0227209
[2018-02-15 22:25:13.034] [jointLog] [info] iteration = 600 | max rel diff. = 0.0134232
[2018-02-15 22:25:13.066] [jointLog] [info] iteration = 618 | max rel diff. = 0.00921046
[2018-02-15 22:25:13.069] [jointLog] [info] Finished optimizer
[2018-02-15 22:25:13.069] [jointLog] [info] writing output 

[2018-02-15 22:25:13.331] [jointLog] [warning] NOTE: Read Lib [( /ngsprojects/seminavis/data_archive/cDNA/conditioningGust/2479_2/3c1b_R1.fastq.gz, /ngsprojects/seminavis/data_archive/cDNA/conditioningGust/2479_2/3c1b_R2.fastq.gz )] :

Greater than 5% of the fragments disagreed with the provided library type; check the file: /scratch/seminavis/largeScaleGeneExpression/conditioningGust/mappedReadsSalmon/3c1b/lib_format_counts.json for details

