[2018-02-15 12:22:11.899] [jointLog] [info] parsing read library format
[2018-02-15 12:22:11.899] [jointLog] [info] There is 1 library.
[2018-02-15 12:22:11.994] [jointLog] [info] Loading Quasi index
[2018-02-15 12:22:11.995] [jointLog] [info] Loading 32-bit quasi index
[2018-02-15 12:22:16.675] [jointLog] [info] done
[2018-02-15 12:22:16.675] [jointLog] [info] Index contained 36776 targets
[2018-02-15 12:24:46.715] [fileLog] [info] 
At end of round 0
==================
Observed 29844687 total fragments (29844687 in most recent round)

[2018-02-15 12:24:46.714] [jointLog] [info] Computed 34636 rich equivalence classes for further processing
[2018-02-15 12:24:46.714] [jointLog] [info] Counted 25728064 total reads in the equivalence classes 
[2018-02-15 12:24:46.727] [jointLog] [info] Mapping rate = 86.2065%

[2018-02-15 12:24:46.727] [jointLog] [info] finished quantifyLibrary()
[2018-02-15 12:24:46.731] [jointLog] [info] Starting optimizer
[2018-02-15 12:24:46.768] [jointLog] [info] Marked 0 weighted equivalence classes as degenerate
[2018-02-15 12:24:46.769] [jointLog] [info] iteration = 0 | max rel diff. = 254.913
[2018-02-15 12:24:46.917] [jointLog] [info] iteration = 100 | max rel diff. = 0.105969
[2018-02-15 12:24:47.031] [jointLog] [info] iteration = 200 | max rel diff. = 0.0479868
[2018-02-15 12:24:47.136] [jointLog] [info] iteration = 300 | max rel diff. = 0.0317942
[2018-02-15 12:24:47.242] [jointLog] [info] iteration = 400 | max rel diff. = 0.0260346
[2018-02-15 12:24:47.350] [jointLog] [info] iteration = 500 | max rel diff. = 0.0222569
[2018-02-15 12:24:47.456] [jointLog] [info] iteration = 600 | max rel diff. = 0.0143524
[2018-02-15 12:24:47.566] [jointLog] [info] iteration = 700 | max rel diff. = 0.0110299
[2018-02-15 12:24:47.654] [jointLog] [info] iteration = 785 | max rel diff. = 0.00944918
[2018-02-15 12:24:47.660] [jointLog] [info] Finished optimizer
[2018-02-15 12:24:47.660] [jointLog] [info] writing output 

[2018-02-15 12:24:47.800] [jointLog] [warning] NOTE: Read Lib [( /ngsprojects/seminavis/data_archive/cDNA/conditioningGust/2479_2/2t3a_R1.fastq.gz, /ngsprojects/seminavis/data_archive/cDNA/conditioningGust/2479_2/2t3a_R2.fastq.gz )] :

Greater than 5% of the fragments disagreed with the provided library type; check the file: /scratch/seminavis/largeScaleGeneExpression/conditioningGust/mappedReadsSalmon/2t3a/lib_format_counts.json for details

[2018-02-15 22:27:25.204] [jointLog] [info] parsing read library format
[2018-02-15 22:27:25.204] [jointLog] [info] There is 1 library.
[2018-02-15 22:27:25.469] [jointLog] [info] Loading Quasi index
[2018-02-15 22:27:25.469] [jointLog] [info] Loading 32-bit quasi index
[2018-02-15 22:27:31.960] [jointLog] [info] done
[2018-02-15 22:27:31.960] [jointLog] [info] Index contained 36776 targets
[2018-02-15 22:30:57.940] [fileLog] [info] 
At end of round 0
==================
Observed 29844687 total fragments (29844687 in most recent round)

[2018-02-15 22:30:57.939] [jointLog] [info] Computed 34636 rich equivalence classes for further processing
[2018-02-15 22:30:57.939] [jointLog] [info] Counted 25728064 total reads in the equivalence classes 
[2018-02-15 22:30:57.950] [jointLog] [info] Mapping rate = 86.2065%

[2018-02-15 22:30:57.950] [jointLog] [info] finished quantifyLibrary()
[2018-02-15 22:30:57.955] [jointLog] [info] Starting optimizer
[2018-02-15 22:30:57.989] [jointLog] [info] Marked 0 weighted equivalence classes as degenerate
[2018-02-15 22:30:57.991] [jointLog] [info] iteration = 0 | max rel diff. = 254.924
[2018-02-15 22:30:58.020] [jointLog] [info] iteration 11, adjusting effective lengths to account for biases
[2018-02-15 22:32:03.083] [jointLog] [info] Computed expected counts (for bias correction)
[2018-02-15 22:32:03.083] [jointLog] [info] processed bias for 0.0% of the transcripts
[2018-02-15 22:32:09.128] [jointLog] [info] processed bias for 10.0% of the transcripts
[2018-02-15 22:32:15.068] [jointLog] [info] processed bias for 20.0% of the transcripts
[2018-02-15 22:32:20.910] [jointLog] [info] processed bias for 30.0% of the transcripts
[2018-02-15 22:32:26.709] [jointLog] [info] processed bias for 40.0% of the transcripts
[2018-02-15 22:32:32.609] [jointLog] [info] processed bias for 50.0% of the transcripts
[2018-02-15 22:32:38.515] [jointLog] [info] processed bias for 60.0% of the transcripts
[2018-02-15 22:32:44.431] [jointLog] [info] processed bias for 70.0% of the transcripts
[2018-02-15 22:32:50.453] [jointLog] [info] processed bias for 80.0% of the transcripts
[2018-02-15 22:32:54.638] [jointLog] [info] processed bias for 100.0% of the transcripts
[2018-02-15 22:32:54.807] [jointLog] [info] iteration = 100 | max rel diff. = 0.207797
[2018-02-15 22:32:54.984] [jointLog] [info] iteration = 200 | max rel diff. = 0.0470672
[2018-02-15 22:32:55.166] [jointLog] [info] iteration = 300 | max rel diff. = 0.038352
[2018-02-15 22:32:55.264] [jointLog] [info] iteration = 400 | max rel diff. = 0.0245343
[2018-02-15 22:32:55.410] [jointLog] [info] iteration = 500 | max rel diff. = 0.0172208
[2018-02-15 22:32:55.587] [jointLog] [info] iteration = 600 | max rel diff. = 0.0128276
[2018-02-15 22:32:55.753] [jointLog] [info] iteration = 700 | max rel diff. = 0.0128251
[2018-02-15 22:32:55.873] [jointLog] [info] iteration = 770 | max rel diff. = 0.00992848
[2018-02-15 22:32:55.876] [jointLog] [info] Finished optimizer
[2018-02-15 22:32:55.876] [jointLog] [info] writing output 

[2018-02-15 22:32:56.121] [jointLog] [warning] NOTE: Read Lib [( /ngsprojects/seminavis/data_archive/cDNA/conditioningGust/2479_2/2t3a_R1.fastq.gz, /ngsprojects/seminavis/data_archive/cDNA/conditioningGust/2479_2/2t3a_R2.fastq.gz )] :

Greater than 5% of the fragments disagreed with the provided library type; check the file: /scratch/seminavis/largeScaleGeneExpression/conditioningGust/mappedReadsSalmon/2t3a/lib_format_counts.json for details

