[2018-02-15 12:32:30.568] [jointLog] [info] parsing read library format
[2018-02-15 12:32:30.568] [jointLog] [info] There is 1 library.
[2018-02-15 12:32:30.672] [jointLog] [info] Loading Quasi index
[2018-02-15 12:32:30.673] [jointLog] [info] Loading 32-bit quasi index
[2018-02-15 12:32:35.670] [jointLog] [info] done
[2018-02-15 12:32:35.670] [jointLog] [info] Index contained 36776 targets
[2018-02-15 12:35:01.711] [jointLog] [info] Computed 33308 rich equivalence classes for further processing
[2018-02-15 12:35:01.711] [jointLog] [info] Counted 16177604 total reads in the equivalence classes 
[2018-02-15 12:35:01.723] [jointLog] [info] Mapping rate = 65.6887%

[2018-02-15 12:35:01.723] [jointLog] [info] finished quantifyLibrary()
[2018-02-15 12:35:01.727] [jointLog] [info] Starting optimizer
[2018-02-15 12:35:01.758] [jointLog] [info] Marked 0 weighted equivalence classes as degenerate
[2018-02-15 12:35:01.760] [jointLog] [info] iteration = 0 | max rel diff. = 333.805
[2018-02-15 12:35:01.711] [fileLog] [info] 
At end of round 0
==================
Observed 24627680 total fragments (24627680 in most recent round)

[2018-02-15 12:35:01.948] [jointLog] [info] iteration = 100 | max rel diff. = 0.107458
[2018-02-15 12:35:02.129] [jointLog] [info] iteration = 200 | max rel diff. = 0.0461981
[2018-02-15 12:35:02.280] [jointLog] [info] iteration = 300 | max rel diff. = 0.0290921
[2018-02-15 12:35:02.448] [jointLog] [info] iteration = 400 | max rel diff. = 0.0224642
[2018-02-15 12:35:02.610] [jointLog] [info] iteration = 500 | max rel diff. = 0.0180682
[2018-02-15 12:35:02.765] [jointLog] [info] iteration = 600 | max rel diff. = 0.0121346
[2018-02-15 12:35:02.939] [jointLog] [info] iteration = 700 | max rel diff. = 0.012136
[2018-02-15 12:35:03.095] [jointLog] [info] iteration = 800 | max rel diff. = 0.0113177
[2018-02-15 12:35:03.113] [jointLog] [info] iteration = 809 | max rel diff. = 0.00939424
[2018-02-15 12:35:03.117] [jointLog] [info] Finished optimizer
[2018-02-15 12:35:03.117] [jointLog] [info] writing output 

[2018-02-15 12:35:03.257] [jointLog] [warning] NOTE: Read Lib [( /ngsprojects/seminavis/data_archive/cDNA/conditioningGust/2479_2/3t1c_R1.fastq.gz, /ngsprojects/seminavis/data_archive/cDNA/conditioningGust/2479_2/3t1c_R2.fastq.gz )] :

Greater than 5% of the fragments disagreed with the provided library type; check the file: /scratch/seminavis/largeScaleGeneExpression/conditioningGust/mappedReadsSalmon/3t1c/lib_format_counts.json for details

[2018-02-15 22:29:07.533] [jointLog] [info] parsing read library format
[2018-02-15 22:29:07.534] [jointLog] [info] There is 1 library.
[2018-02-15 22:29:07.685] [jointLog] [info] Loading Quasi index
[2018-02-15 22:29:07.686] [jointLog] [info] Loading 32-bit quasi index
[2018-02-15 22:29:12.547] [jointLog] [info] done
[2018-02-15 22:29:12.547] [jointLog] [info] Index contained 36776 targets
[2018-02-15 22:31:37.490] [jointLog] [info] Computed 33308 rich equivalence classes for further processing
[2018-02-15 22:31:37.490] [jointLog] [info] Counted 16177604 total reads in the equivalence classes 
[2018-02-15 22:31:37.500] [jointLog] [info] Mapping rate = 65.6887%

[2018-02-15 22:31:37.500] [jointLog] [info] finished quantifyLibrary()
[2018-02-15 22:31:37.504] [jointLog] [info] Starting optimizer
[2018-02-15 22:31:37.533] [jointLog] [info] Marked 0 weighted equivalence classes as degenerate
[2018-02-15 22:31:37.535] [jointLog] [info] iteration = 0 | max rel diff. = 333.805
[2018-02-15 22:31:37.551] [jointLog] [info] iteration 11, adjusting effective lengths to account for biases
[2018-02-15 22:31:37.490] [fileLog] [info] 
At end of round 0
==================
Observed 24627680 total fragments (24627680 in most recent round)

[2018-02-15 22:32:51.294] [jointLog] [info] Computed expected counts (for bias correction)
[2018-02-15 22:32:51.294] [jointLog] [info] processed bias for 0.0% of the transcripts
[2018-02-15 22:32:59.443] [jointLog] [info] processed bias for 10.0% of the transcripts
[2018-02-15 22:33:07.307] [jointLog] [info] processed bias for 20.0% of the transcripts
[2018-02-15 22:33:14.870] [jointLog] [info] processed bias for 30.0% of the transcripts
[2018-02-15 22:33:22.293] [jointLog] [info] processed bias for 40.0% of the transcripts
[2018-02-15 22:33:29.648] [jointLog] [info] processed bias for 50.0% of the transcripts
[2018-02-15 22:33:37.045] [jointLog] [info] processed bias for 60.0% of the transcripts
[2018-02-15 22:33:43.997] [jointLog] [info] processed bias for 70.0% of the transcripts
[2018-02-15 22:33:51.631] [jointLog] [info] processed bias for 80.0% of the transcripts
[2018-02-15 22:33:55.114] [jointLog] [info] processed bias for 100.0% of the transcripts
[2018-02-15 22:33:55.302] [jointLog] [info] iteration = 100 | max rel diff. = 0.102815
[2018-02-15 22:33:55.500] [jointLog] [info] iteration = 200 | max rel diff. = 0.0988195
[2018-02-15 22:33:55.688] [jointLog] [info] iteration = 300 | max rel diff. = 0.0284864
[2018-02-15 22:33:55.886] [jointLog] [info] iteration = 400 | max rel diff. = 0.0291597
[2018-02-15 22:33:56.083] [jointLog] [info] iteration = 500 | max rel diff. = 0.0177239
[2018-02-15 22:33:56.271] [jointLog] [info] iteration = 600 | max rel diff. = 0.0143977
[2018-02-15 22:33:56.460] [jointLog] [info] iteration = 700 | max rel diff. = 0.0229134
[2018-02-15 22:33:56.662] [jointLog] [info] iteration = 800 | max rel diff. = 0.0131012
[2018-02-15 22:33:56.851] [jointLog] [info] iteration = 900 | max rel diff. = 0.0230185
[2018-02-15 22:33:57.036] [jointLog] [info] iteration = 990 | max rel diff. = 0.00743186
[2018-02-15 22:33:57.039] [jointLog] [info] Finished optimizer
[2018-02-15 22:33:57.039] [jointLog] [info] writing output 

[2018-02-15 22:33:57.212] [jointLog] [warning] NOTE: Read Lib [( /ngsprojects/seminavis/data_archive/cDNA/conditioningGust/2479_2/3t1c_R1.fastq.gz, /ngsprojects/seminavis/data_archive/cDNA/conditioningGust/2479_2/3t1c_R2.fastq.gz )] :

Greater than 5% of the fragments disagreed with the provided library type; check the file: /scratch/seminavis/largeScaleGeneExpression/conditioningGust/mappedReadsSalmon/3t1c/lib_format_counts.json for details

