[2018-02-15 12:10:21.648] [jointLog] [info] parsing read library format
[2018-02-15 12:10:21.648] [jointLog] [info] There is 1 library.
[2018-02-15 12:10:21.836] [jointLog] [info] Loading Quasi index
[2018-02-15 12:10:21.842] [jointLog] [info] Loading 32-bit quasi index
[2018-02-15 12:10:32.185] [jointLog] [info] done
[2018-02-15 12:10:32.185] [jointLog] [info] Index contained 36776 targets
[2018-02-15 12:12:47.465] [fileLog] [info] 
At end of round 0
==================
Observed 25397712 total fragments (25397712 in most recent round)

[2018-02-15 12:12:47.464] [jointLog] [info] Computed 35668 rich equivalence classes for further processing
[2018-02-15 12:12:47.464] [jointLog] [info] Counted 17496618 total reads in the equivalence classes 
[2018-02-15 12:12:47.473] [jointLog] [info] Mapping rate = 68.8905%

[2018-02-15 12:12:47.473] [jointLog] [info] finished quantifyLibrary()
[2018-02-15 12:12:47.476] [jointLog] [info] Starting optimizer
[2018-02-15 12:12:47.514] [jointLog] [info] Marked 0 weighted equivalence classes as degenerate
[2018-02-15 12:12:47.515] [jointLog] [info] iteration = 0 | max rel diff. = 323.927
[2018-02-15 12:12:47.629] [jointLog] [info] iteration = 100 | max rel diff. = 0.107754
[2018-02-15 12:12:47.730] [jointLog] [info] iteration = 200 | max rel diff. = 0.0457016
[2018-02-15 12:12:47.844] [jointLog] [info] iteration = 300 | max rel diff. = 0.0290323
[2018-02-15 12:12:47.943] [jointLog] [info] iteration = 400 | max rel diff. = 0.0221784
[2018-02-15 12:12:48.056] [jointLog] [info] iteration = 500 | max rel diff. = 0.0192668
[2018-02-15 12:12:48.168] [jointLog] [info] iteration = 600 | max rel diff. = 0.0133794
[2018-02-15 12:12:48.279] [jointLog] [info] iteration = 700 | max rel diff. = 0.0121752
[2018-02-15 12:12:48.398] [jointLog] [info] iteration = 800 | max rel diff. = 0.011921
[2018-02-15 12:12:48.485] [jointLog] [info] iteration = 866 | max rel diff. = 0.0091431
[2018-02-15 12:12:48.490] [jointLog] [info] Finished optimizer
[2018-02-15 12:12:48.490] [jointLog] [info] writing output 

[2018-02-15 12:12:48.588] [jointLog] [warning] NOTE: Read Lib [( /ngsprojects/seminavis/data_archive/cDNA/conditioningGust/2479_2/1c0a2_R1.fastq.gz, /ngsprojects/seminavis/data_archive/cDNA/conditioningGust/2479_2/1c0a2_R2.fastq.gz )] :

Greater than 5% of the fragments disagreed with the provided library type; check the file: /scratch/seminavis/largeScaleGeneExpression/conditioningGust/mappedReadsSalmon/1c0a2/lib_format_counts.json for details

[2018-02-15 22:14:12.478] [jointLog] [info] parsing read library format
[2018-02-15 22:14:12.478] [jointLog] [info] There is 1 library.
[2018-02-15 22:14:12.628] [jointLog] [info] Loading Quasi index
[2018-02-15 22:14:12.629] [jointLog] [info] Loading 32-bit quasi index
[2018-02-15 22:14:18.396] [jointLog] [info] done
[2018-02-15 22:14:18.396] [jointLog] [info] Index contained 36776 targets
[2018-02-15 22:17:07.661] [jointLog] [info] Computed 35668 rich equivalence classes for further processing
[2018-02-15 22:17:07.661] [jointLog] [info] Counted 17496618 total reads in the equivalence classes 
[2018-02-15 22:17:07.682] [jointLog] [info] Mapping rate = 68.8905%

[2018-02-15 22:17:07.682] [jointLog] [info] finished quantifyLibrary()
[2018-02-15 22:17:07.696] [jointLog] [info] Starting optimizer
[2018-02-15 22:17:07.742] [jointLog] [info] Marked 0 weighted equivalence classes as degenerate
[2018-02-15 22:17:07.671] [fileLog] [info] 
At end of round 0
==================
Observed 25397712 total fragments (25397712 in most recent round)

[2018-02-15 22:17:07.757] [jointLog] [info] iteration = 0 | max rel diff. = 323.924
[2018-02-15 22:17:07.782] [jointLog] [info] iteration 11, adjusting effective lengths to account for biases
[2018-02-15 22:18:14.185] [jointLog] [info] Computed expected counts (for bias correction)
[2018-02-15 22:18:14.185] [jointLog] [info] processed bias for 0.0% of the transcripts
[2018-02-15 22:18:19.946] [jointLog] [info] processed bias for 10.0% of the transcripts
[2018-02-15 22:18:25.866] [jointLog] [info] processed bias for 20.0% of the transcripts
[2018-02-15 22:18:31.397] [jointLog] [info] processed bias for 30.0% of the transcripts
[2018-02-15 22:18:37.009] [jointLog] [info] processed bias for 40.0% of the transcripts
[2018-02-15 22:18:42.727] [jointLog] [info] processed bias for 50.0% of the transcripts
[2018-02-15 22:18:48.257] [jointLog] [info] processed bias for 60.0% of the transcripts
[2018-02-15 22:18:54.263] [jointLog] [info] processed bias for 70.0% of the transcripts
[2018-02-15 22:19:00.026] [jointLog] [info] processed bias for 80.0% of the transcripts
[2018-02-15 22:19:05.765] [jointLog] [info] processed bias for 100.0% of the transcripts
[2018-02-15 22:19:05.929] [jointLog] [info] iteration = 100 | max rel diff. = 0.21155
[2018-02-15 22:19:06.122] [jointLog] [info] iteration = 200 | max rel diff. = 0.101864
[2018-02-15 22:19:06.302] [jointLog] [info] iteration = 300 | max rel diff. = 0.0273987
[2018-02-15 22:19:06.499] [jointLog] [info] iteration = 400 | max rel diff. = 0.020552
[2018-02-15 22:19:06.684] [jointLog] [info] iteration = 500 | max rel diff. = 0.0199053
[2018-02-15 22:19:06.858] [jointLog] [info] iteration = 600 | max rel diff. = 0.0143672
[2018-02-15 22:19:07.061] [jointLog] [info] iteration = 700 | max rel diff. = 0.0128502
[2018-02-15 22:19:07.247] [jointLog] [info] iteration = 800 | max rel diff. = 0.0106645
[2018-02-15 22:19:07.338] [jointLog] [info] iteration = 849 | max rel diff. = 0.00992827
[2018-02-15 22:19:07.341] [jointLog] [info] Finished optimizer
[2018-02-15 22:19:07.341] [jointLog] [info] writing output 

[2018-02-15 22:19:07.601] [jointLog] [warning] NOTE: Read Lib [( /ngsprojects/seminavis/data_archive/cDNA/conditioningGust/2479_2/1c0a2_R1.fastq.gz, /ngsprojects/seminavis/data_archive/cDNA/conditioningGust/2479_2/1c0a2_R2.fastq.gz )] :

Greater than 5% of the fragments disagreed with the provided library type; check the file: /scratch/seminavis/largeScaleGeneExpression/conditioningGust/mappedReadsSalmon/1c0a2/lib_format_counts.json for details

