[2019-07-10 10:52:50.996] [jointLog] [info] parsing read library format
[2019-07-10 10:52:50.996] [jointLog] [info] There is 1 library.
[2019-07-10 10:52:51.027] [jointLog] [info] Loading Quasi index
[2019-07-10 10:52:51.027] [jointLog] [info] Loading 32-bit quasi index
[2019-07-10 10:52:53.415] [jointLog] [info] done
[2019-07-10 10:52:53.415] [jointLog] [info] Index contained 36776 targets
[2019-07-10 10:52:54.442] [jointLog] [info] Automatically detected most likely library type as ISR
[2019-07-10 10:56:57.798] [fileLog] [info] 
At end of round 0
==================
Observed 25048312 total fragments (25048312 in most recent round)

[2019-07-10 10:56:57.798] [jointLog] [info] Computed 33637 rich equivalence classes for further processing
[2019-07-10 10:56:57.798] [jointLog] [info] Counted 20593900 total reads in the equivalence classes 
[2019-07-10 10:56:57.799] [jointLog] [info] Mapping rate = 82.2167%

[2019-07-10 10:56:57.799] [jointLog] [info] finished quantifyLibrary()
[2019-07-10 10:56:57.800] [jointLog] [info] Starting optimizer
[2019-07-10 10:56:57.818] [jointLog] [info] Marked 0 weighted equivalence classes as degenerate
[2019-07-10 10:56:57.819] [jointLog] [info] iteration = 0 | max rel diff. = 304.395
[2019-07-10 10:56:57.897] [jointLog] [info] iteration = 100 | max rel diff. = 0.104537
[2019-07-10 10:56:57.975] [jointLog] [info] iteration = 200 | max rel diff. = 0.043387
[2019-07-10 10:56:58.055] [jointLog] [info] iteration = 300 | max rel diff. = 0.0260429
[2019-07-10 10:56:58.133] [jointLog] [info] iteration = 400 | max rel diff. = 0.0256587
[2019-07-10 10:56:58.210] [jointLog] [info] iteration = 500 | max rel diff. = 0.0189189
[2019-07-10 10:56:58.289] [jointLog] [info] iteration = 600 | max rel diff. = 0.0160985
[2019-07-10 10:56:58.368] [jointLog] [info] iteration = 700 | max rel diff. = 0.0123704
[2019-07-10 10:56:58.446] [jointLog] [info] iteration = 800 | max rel diff. = 0.0119869
[2019-07-10 10:56:58.497] [jointLog] [info] iteration = 865 | max rel diff. = 0.00889613
[2019-07-10 10:56:58.501] [jointLog] [info] Finished optimizer
[2019-07-10 10:56:58.501] [jointLog] [info] writing output 

[2019-07-10 10:56:58.572] [jointLog] [warning] NOTE: Read Lib [( /ngsprojects/seminavis/data_archive/cDNA/conditioningEmilio/merged_reads/SIPEmilio_II/SIP1_S5_R1_001.fastq.gz, /ngsprojects/seminavis/data_archive/cDNA/conditioningEmilio/merged_reads/SIPEmilio_II/SIP1_S5_R2_001.fastq.gz )] :

Greater than 5% of the fragments disagreed with the provided library type; check the file: Documents/mapping_Emilio_V1.0/SIPEmilio_II/lib_format_counts.json for details

